\BOOKMARK [0][-]{chapter.1}{\376\377\000I\000n\000t\000r\000o\000d\000u\000c\000t\000i\000o\000n}{}% 1
\BOOKMARK [1][-]{section.1.1}{\376\377\000G\000e\000t\000t\000i\000n\000g\000\040\000S\000t\000a\000r\000t\000e\000d}{chapter.1}% 2
\BOOKMARK [1][-]{section.1.2}{\376\377\000O\000r\000g\000a\000n\000i\000s\000a\000t\000i\000o\000n\000:\000\040\000D\000i\000r\000e\000c\000t\000o\000r\000i\000e\000s}{chapter.1}% 3
\BOOKMARK [2][-]{subsection.1.2.1}{\376\377\000M\000a\000i\000n\000\040\000D\000i\000r\000e\000c\000t\000o\000r\000y}{section.1.2}% 4
\BOOKMARK [2][-]{subsection.1.2.2}{\376\377\000C\000h\000a\000p\000t\000e\000r\000s\000\040\000D\000i\000r\000e\000c\000t\000o\000r\000y}{section.1.2}% 5
\BOOKMARK [2][-]{subsection.1.2.3}{\376\377\000F\000i\000g\000u\000r\000e\000s\000\040\000D\000i\000r\000e\000c\000t\000o\000r\000y}{section.1.2}% 6
\BOOKMARK [2][-]{subsection.1.2.4}{\376\377\000P\000r\000e\000t\000e\000x\000t\000\040\000D\000i\000r\000e\000c\000t\000o\000r\000y}{section.1.2}% 7
\BOOKMARK [2][-]{subsection.1.2.5}{\376\377\000A\000p\000p\000e\000n\000d\000i\000c\000e\000s\000\040\000D\000i\000r\000e\000c\000t\000o\000r\000y}{section.1.2}% 8
\BOOKMARK [0][-]{chapter.2}{\376\377\000H\000i\000n\000t\000e\000r\000g\000r\000u\000n\000d}{}% 9
\BOOKMARK [1][-]{section.2.1}{\376\377\000C\000-\000P\000r\000\344\000p\000r\000o\000z\000e\000s\000s\000o\000r}{chapter.2}% 10
\BOOKMARK [1][-]{section.2.2}{\376\377\000V\000a\000r\000i\000a\000b\000i\000l\000i\000t\000\344\000t\000\040\000U\000m\000s\000e\000t\000z\000u\000n\000g\000\040\000m\000i\000t\000\040\000C\000-\000P\000r\000\344\000p\000r\000o\000z\000e\000s\000s\000o\000r}{chapter.2}% 11
\BOOKMARK [0][-]{chapter.3}{\376\377\000T\000h\000e\000\040\000u\000p\000b\000\137\000c\000s\000\137\000t\000h\000e\000s\000i\000s\000\040\000D\000o\000c\000u\000m\000e\000n\000t\000\040\000C\000l\000a\000s\000s}{}% 12
\BOOKMARK [0][-]{chapter.4}{\376\377\000P\000a\000c\000k\000a\000g\000e\000s\000\040\000a\000n\000d\000\040\000C\000o\000m\000m\000a\000n\000d\000s}{}% 13
\BOOKMARK [1][-]{section.4.1}{\376\377\000C\000l\000a\000s\000s\000\040\000P\000a\000c\000k\000a\000g\000e\000s}{chapter.4}% 14
\BOOKMARK [1][-]{section.4.2}{\376\377\000A\000u\000x\000i\000l\000i\000a\000r\000y\000\040\000P\000a\000c\000k\000a\000g\000e\000s}{chapter.4}% 15
\BOOKMARK [1][-]{section.4.3}{\376\377\000C\000u\000s\000t\000o\000m\000\040\000C\000o\000m\000m\000a\000n\000d\000s}{chapter.4}% 16
\BOOKMARK [0][-]{chapter.5}{\376\377\000A\000\040\000S\000h\000o\000r\000t\000\040\000G\000u\000i\000d\000e}{}% 17
\BOOKMARK [1][-]{section.5.1}{\376\377\000S\000t\000y\000l\000e}{chapter.5}% 18
\BOOKMARK [2][-]{subsection.5.1.1}{\376\377\000M\000a\000t\000h\000\040\000M\000o\000d\000e}{section.5.1}% 19
\BOOKMARK [2][-]{subsection.5.1.2}{\376\377\000F\000o\000o\000t\000n\000o\000t\000e\000s}{section.5.1}% 20
\BOOKMARK [2][-]{subsection.5.1.3}{\376\377\000A\000c\000r\000o\000n\000y\000m\000s}{section.5.1}% 21
\BOOKMARK [1][-]{section.5.2}{\376\377\000R\000e\000f\000e\000r\000e\000n\000c\000e\000s}{chapter.5}% 22
\BOOKMARK [1][-]{section.5.3}{\376\377\000U\000s\000i\000n\000g\000\040\000G\000r\000a\000p\000h\000i\000c\000s}{chapter.5}% 23
\BOOKMARK [1][-]{section.5.4}{\376\377\000T\000a\000b\000l\000e\000s}{chapter.5}% 24
\BOOKMARK [1][-]{section.5.5}{\376\377\000B\000i\000b\000l\000i\000o\000g\000r\000a\000p\000h\000i\000e\000s}{chapter.5}% 25
\BOOKMARK [0][-]{chapter.6}{\376\377\000M\000a\000k\000e\000f\000i\000l\000e\000s}{}% 26
\BOOKMARK [1][-]{section.6.1}{\376\377\000M\000a\000k\000e\000f\000i\000l\000e\000\040\000T\000r\000o\000u\000b\000l\000e\000s\000h\000o\000o\000t\000i\000n\000g}{chapter.6}% 27
\BOOKMARK [1][-]{section.6.2}{\376\377\000M\000a\000i\000n\000\040\000M\000a\000k\000e\000f\000i\000l\000e}{chapter.6}% 28
\BOOKMARK [1][-]{section.6.3}{\376\377\000f\000i\000g\000u\000r\000e\000s\000'\000s\000\040\000M\000a\000k\000e\000f\000i\000l\000e}{chapter.6}% 29
\BOOKMARK [0][-]{section.6.3}{\376\377\000B\000i\000b\000l\000i\000o\000g\000r\000a\000p\000h\000y}{}% 30
